app/build/intermediates/manifest_merge_blame_file/release/manifest-merger-blame-release-report.txt
1<?xml version="1.0" encoding="utf-8"?>
2<manifest xmlns:android="http://schemas.android.com/apk/res/android"
3    package="com.example.anomess"
4    android:versionCode="1"
5    android:versionName="1.0.0" >
6
7    <uses-sdk
8        android:minSdkVersion="26"
9        android:targetSdkVersion="34" />
10
11    <uses-permission android:name="android.permission.INTERNET" />
11-->src\main\AndroidManifest.xml:5:5-67
11-->src\main\AndroidManifest.xml:5:22-64
12    <uses-permission android:name="android.permission.ACCESS_NETWORK_STATE" />
12-->src\main\AndroidManifest.xml:6:5-79
12-->src\main\AndroidManifest.xml:6:22-76
13    <uses-permission android:name="android.permission.RECORD_AUDIO" />
13-->src\main\AndroidManifest.xml:7:5-71
13-->src\main\AndroidManifest.xml:7:22-68
14    <uses-permission android:name="android.permission.CAMERA" />
14-->src\main\AndroidManifest.xml:8:5-65
14-->src\main\AndroidManifest.xml:8:22-62
15    <uses-permission android:name="android.permission.FOREGROUND_SERVICE" />
15-->src\main\AndroidManifest.xml:9:5-77
15-->src\main\AndroidManifest.xml:9:22-74
16    <uses-permission android:name="android.permission.FOREGROUND_SERVICE_DATA_SYNC" />
16-->src\main\AndroidManifest.xml:10:5-87
16-->src\main\AndroidManifest.xml:10:22-84
17    <uses-permission android:name="android.permission.POST_NOTIFICATIONS" />
17-->src\main\AndroidManifest.xml:11:5-77
17-->src\main\AndroidManifest.xml:11:22-74
18
19    <permission
19-->[androidx.core:core:1.12.0] AndroidManifest.xml:22:5-24:47
20        android:name="com.example.anomess.DYNAMIC_RECEIVER_NOT_EXPORTED_PERMISSION"
20-->[androidx.core:core:1.12.0] AndroidManifest.xml:23:9-81
21        android:protectionLevel="signature" />
21-->[androidx.core:core:1.12.0] AndroidManifest.xml:24:9-44
22
23    <uses-permission android:name="com.example.anomess.DYNAMIC_RECEIVER_NOT_EXPORTED_PERMISSION" /> <!-- Don't require camera, as this requires a rear camera. This allows it to work on the Nexus 7 -->
23-->[androidx.core:core:1.12.0] AndroidManifest.xml:26:5-97
23-->[androidx.core:core:1.12.0] AndroidManifest.xml:26:22-94
24    <uses-feature
24-->[com.journeyapps:zxing-android-embedded:4.3.0] AndroidManifest.xml:25:5-27:36
25        android:name="android.hardware.camera"
25-->[com.journeyapps:zxing-android-embedded:4.3.0] AndroidManifest.xml:26:9-47
26        android:required="false" />
26-->[com.journeyapps:zxing-android-embedded:4.3.0] AndroidManifest.xml:27:9-33
27    <uses-feature
27-->[com.journeyapps:zxing-android-embedded:4.3.0] AndroidManifest.xml:28:5-30:36
28        android:name="android.hardware.camera.front"
28-->[com.journeyapps:zxing-android-embedded:4.3.0] AndroidManifest.xml:29:9-53
29        android:required="false" /> <!-- TODO replace above two with next line after Android 4.2 -->
29-->[com.journeyapps:zxing-android-embedded:4.3.0] AndroidManifest.xml:30:9-33
30    <!-- <uses-feature android:name="android.hardware.camera.any"/> -->
31    <uses-feature
31-->[com.journeyapps:zxing-android-embedded:4.3.0] AndroidManifest.xml:33:5-35:36
32        android:name="android.hardware.camera.autofocus"
32-->[com.journeyapps:zxing-android-embedded:4.3.0] AndroidManifest.xml:34:9-57
33        android:required="false" />
33-->[com.journeyapps:zxing-android-embedded:4.3.0] AndroidManifest.xml:35:9-33
34    <uses-feature
34-->[com.journeyapps:zxing-android-embedded:4.3.0] AndroidManifest.xml:36:5-38:36
35        android:name="android.hardware.camera.flash"
35-->[com.journeyapps:zxing-android-embedded:4.3.0] AndroidManifest.xml:37:9-53
36        android:required="false" />
36-->[com.journeyapps:zxing-android-embedded:4.3.0] AndroidManifest.xml:38:9-33
37    <uses-feature
37-->[com.journeyapps:zxing-android-embedded:4.3.0] AndroidManifest.xml:39:5-41:36
38        android:name="android.hardware.screen.landscape"
38-->[com.journeyapps:zxing-android-embedded:4.3.0] AndroidManifest.xml:40:9-57
39        android:required="false" />
39-->[com.journeyapps:zxing-android-embedded:4.3.0] AndroidManifest.xml:41:9-33
40    <uses-feature
40-->[com.journeyapps:zxing-android-embedded:4.3.0] AndroidManifest.xml:42:5-44:36
41        android:name="android.hardware.wifi"
41-->[com.journeyapps:zxing-android-embedded:4.3.0] AndroidManifest.xml:43:9-45
42        android:required="false" />
42-->[com.journeyapps:zxing-android-embedded:4.3.0] AndroidManifest.xml:44:9-33
43
44    <application
44-->src\main\AndroidManifest.xml:13:5-57:19
45        android:name="com.example.anomess.AnomessApp"
45-->src\main\AndroidManifest.xml:14:9-35
46        android:allowBackup="false"
46-->src\main\AndroidManifest.xml:15:9-36
47        android:appComponentFactory="androidx.core.app.CoreComponentFactory"
47-->[androidx.core:core:1.12.0] AndroidManifest.xml:28:18-86
48        android:dataExtractionRules="@xml/data_extraction_rules"
48-->src\main\AndroidManifest.xml:16:9-65
49        android:extractNativeLibs="true"
50        android:fullBackupContent="@xml/backup_rules"
50-->src\main\AndroidManifest.xml:17:9-54
51        android:icon="@mipmap/ic_launcher"
51-->src\main\AndroidManifest.xml:18:9-43
52        android:label="Anomes"
52-->src\main\AndroidManifest.xml:19:9-31
53        android:roundIcon="@mipmap/ic_launcher_round"
53-->src\main\AndroidManifest.xml:20:9-54
54        android:supportsRtl="true"
54-->src\main\AndroidManifest.xml:21:9-35
55        android:theme="@style/Theme.Anomess" >
55-->src\main\AndroidManifest.xml:22:9-45
56        <service
56-->src\main\AndroidManifest.xml:25:9-29:56
57            android:name="com.example.anomess.service.TorService"
57-->src\main\AndroidManifest.xml:26:13-47
58            android:enabled="true"
58-->src\main\AndroidManifest.xml:27:13-35
59            android:exported="false"
59-->src\main\AndroidManifest.xml:28:13-37
60            android:foregroundServiceType="dataSync" />
60-->src\main\AndroidManifest.xml:29:13-53
61
62        <activity
62-->src\main\AndroidManifest.xml:31:9-39:20
63            android:name="com.example.anomess.MainActivity"
63-->src\main\AndroidManifest.xml:32:13-41
64            android:exported="true"
64-->src\main\AndroidManifest.xml:33:13-36
65            android:theme="@style/Theme.Anomess" >
65-->src\main\AndroidManifest.xml:34:13-49
66            <intent-filter>
66-->src\main\AndroidManifest.xml:35:13-38:29
67                <action android:name="android.intent.action.MAIN" />
67-->src\main\AndroidManifest.xml:36:17-69
67-->src\main\AndroidManifest.xml:36:25-66
68
69                <category android:name="android.intent.category.LAUNCHER" />
69-->src\main\AndroidManifest.xml:37:17-77
69-->src\main\AndroidManifest.xml:37:27-74
70            </intent-filter>
71        </activity>
72        <activity
72-->src\main\AndroidManifest.xml:41:9-46:63
73            android:name="com.example.anomess.ui.PortraitCaptureActivity"
73-->src\main\AndroidManifest.xml:42:13-55
74            android:screenOrientation="portrait"
74-->src\main\AndroidManifest.xml:43:13-49
75            android:stateNotNeeded="true"
75-->src\main\AndroidManifest.xml:44:13-42
76            android:theme="@style/Theme.Anomess"
76-->src\main\AndroidManifest.xml:45:13-49
77            android:windowSoftInputMode="stateAlwaysHidden" />
77-->src\main\AndroidManifest.xml:46:13-60
78
79        <provider
80            android:name="androidx.core.content.FileProvider"
80-->src\main\AndroidManifest.xml:49:13-62
81            android:authorities="com.example.anomess.provider"
81-->src\main\AndroidManifest.xml:50:13-60
82            android:exported="false"
82-->src\main\AndroidManifest.xml:51:13-37
83            android:grantUriPermissions="true" >
83-->src\main\AndroidManifest.xml:52:13-47
84            <meta-data
84-->src\main\AndroidManifest.xml:53:13-55:54
85                android:name="android.support.FILE_PROVIDER_PATHS"
85-->src\main\AndroidManifest.xml:54:17-67
86                android:resource="@xml/file_paths" />
86-->src\main\AndroidManifest.xml:55:17-51
87        </provider>
88        <provider
88-->[androidx.emoji2:emoji2:1.4.0] AndroidManifest.xml:24:9-32:20
89            android:name="androidx.startup.InitializationProvider"
89-->[androidx.emoji2:emoji2:1.4.0] AndroidManifest.xml:25:13-67
90            android:authorities="com.example.anomess.androidx-startup"
90-->[androidx.emoji2:emoji2:1.4.0] AndroidManifest.xml:26:13-68
91            android:exported="false" >
91-->[androidx.emoji2:emoji2:1.4.0] AndroidManifest.xml:27:13-37
92            <meta-data
92-->[androidx.emoji2:emoji2:1.4.0] AndroidManifest.xml:29:13-31:52
93                android:name="androidx.emoji2.text.EmojiCompatInitializer"
93-->[androidx.emoji2:emoji2:1.4.0] AndroidManifest.xml:30:17-75
94                android:value="androidx.startup" />
94-->[androidx.emoji2:emoji2:1.4.0] AndroidManifest.xml:31:17-49
95            <meta-data
95-->[androidx.lifecycle:lifecycle-process:2.7.0] AndroidManifest.xml:29:13-31:52
96                android:name="androidx.lifecycle.ProcessLifecycleInitializer"
96-->[androidx.lifecycle:lifecycle-process:2.7.0] AndroidManifest.xml:30:17-78
97                android:value="androidx.startup" />
97-->[androidx.lifecycle:lifecycle-process:2.7.0] AndroidManifest.xml:31:17-49
98            <meta-data
98-->[androidx.profileinstaller:profileinstaller:1.3.1] AndroidManifest.xml:29:13-31:52
99                android:name="androidx.profileinstaller.ProfileInstallerInitializer"
99-->[androidx.profileinstaller:profileinstaller:1.3.1] AndroidManifest.xml:30:17-85
100                android:value="androidx.startup" />
100-->[androidx.profileinstaller:profileinstaller:1.3.1] AndroidManifest.xml:31:17-49
101        </provider>
102
103        <service
103-->[androidx.room:room-runtime:2.6.1] AndroidManifest.xml:24:9-28:63
104            android:name="androidx.room.MultiInstanceInvalidationService"
104-->[androidx.room:room-runtime:2.6.1] AndroidManifest.xml:25:13-74
105            android:directBootAware="true"
105-->[androidx.room:room-runtime:2.6.1] AndroidManifest.xml:26:13-43
106            android:exported="false" />
106-->[androidx.room:room-runtime:2.6.1] AndroidManifest.xml:27:13-37
107        <service android:name="org.torproject.jni.TorService" />
107-->[info.guardianproject:tor-android:0.4.8.19] AndroidManifest.xml:10:9-65
107-->[info.guardianproject:tor-android:0.4.8.19] AndroidManifest.xml:10:18-62
108
109        <receiver
109-->[androidx.profileinstaller:profileinstaller:1.3.1] AndroidManifest.xml:34:9-52:20
110            android:name="androidx.profileinstaller.ProfileInstallReceiver"
110-->[androidx.profileinstaller:profileinstaller:1.3.1] AndroidManifest.xml:35:13-76
111            android:directBootAware="false"
111-->[androidx.profileinstaller:profileinstaller:1.3.1] AndroidManifest.xml:36:13-44
112            android:enabled="true"
112-->[androidx.profileinstaller:profileinstaller:1.3.1] AndroidManifest.xml:37:13-35
113            android:exported="true"
113-->[androidx.profileinstaller:profileinstaller:1.3.1] AndroidManifest.xml:38:13-36
114            android:permission="android.permission.DUMP" >
114-->[androidx.profileinstaller:profileinstaller:1.3.1] AndroidManifest.xml:39:13-57
115            <intent-filter>
115-->[androidx.profileinstaller:profileinstaller:1.3.1] AndroidManifest.xml:40:13-42:29
116                <action android:name="androidx.profileinstaller.action.INSTALL_PROFILE" />
116-->[androidx.profileinstaller:profileinstaller:1.3.1] AndroidManifest.xml:41:17-91
116-->[androidx.profileinstaller:profileinstaller:1.3.1] AndroidManifest.xml:41:25-88
117            </intent-filter>
118            <intent-filter>
118-->[androidx.profileinstaller:profileinstaller:1.3.1] AndroidManifest.xml:43:13-45:29
119                <action android:name="androidx.profileinstaller.action.SKIP_FILE" />
119-->[androidx.profileinstaller:profileinstaller:1.3.1] AndroidManifest.xml:44:17-85
119-->[androidx.profileinstaller:profileinstaller:1.3.1] AndroidManifest.xml:44:25-82
120            </intent-filter>
121            <intent-filter>
121-->[androidx.profileinstaller:profileinstaller:1.3.1] AndroidManifest.xml:46:13-48:29
122                <action android:name="androidx.profileinstaller.action.SAVE_PROFILE" />
122-->[androidx.profileinstaller:profileinstaller:1.3.1] AndroidManifest.xml:47:17-88
122-->[androidx.profileinstaller:profileinstaller:1.3.1] AndroidManifest.xml:47:25-85
123            </intent-filter>
124            <intent-filter>
124-->[androidx.profileinstaller:profileinstaller:1.3.1] AndroidManifest.xml:49:13-51:29
125                <action android:name="androidx.profileinstaller.action.BENCHMARK_OPERATION" />
125-->[androidx.profileinstaller:profileinstaller:1.3.1] AndroidManifest.xml:50:17-95
125-->[androidx.profileinstaller:profileinstaller:1.3.1] AndroidManifest.xml:50:25-92
126            </intent-filter>
127        </receiver>
128
129        <activity
129-->[com.journeyapps:zxing-android-embedded:4.3.0] AndroidManifest.xml:47:9-53:63
130            android:name="com.journeyapps.barcodescanner.CaptureActivity"
130-->[com.journeyapps:zxing-android-embedded:4.3.0] AndroidManifest.xml:48:13-74
131            android:clearTaskOnLaunch="true"
131-->[com.journeyapps:zxing-android-embedded:4.3.0] AndroidManifest.xml:49:13-45
132            android:screenOrientation="sensorLandscape"
132-->[com.journeyapps:zxing-android-embedded:4.3.0] AndroidManifest.xml:50:13-56
133            android:stateNotNeeded="true"
133-->[com.journeyapps:zxing-android-embedded:4.3.0] AndroidManifest.xml:51:13-42
134            android:theme="@style/zxing_CaptureTheme"
134-->[com.journeyapps:zxing-android-embedded:4.3.0] AndroidManifest.xml:52:13-54
135            android:windowSoftInputMode="stateAlwaysHidden" />
135-->[com.journeyapps:zxing-android-embedded:4.3.0] AndroidManifest.xml:53:13-60
136    </application>
137
138</manifest>